INFO [2018-11-20 22:45:23] [[1]]
INFO [2018-11-20 22:45:23] list(w4_up = A, w8_up = B, w16_up = C, w32_up = D, w48_up = E)
INFO [2018-11-20 22:45:23] 
INFO [2018-11-20 22:45:23] $filename
INFO [2018-11-20 22:45:23] NULL
INFO [2018-11-20 22:45:23] 
INFO [2018-11-20 22:45:23] $lwd
INFO [2018-11-20 22:45:23] [1] 1
INFO [2018-11-20 22:45:23] 
INFO [2018-11-20 22:45:23] $lty
INFO [2018-11-20 22:45:23] [1] 1
INFO [2018-11-20 22:45:23] 
INFO [2018-11-20 22:45:23] $col
INFO [2018-11-20 22:45:23] c("LightGray", "Cyan", "Blue", "magenta", "red")
INFO [2018-11-20 22:45:23] 
INFO [2018-11-20 22:45:23] $fill
INFO [2018-11-20 22:45:23] c("LightGray", "Cyan", "Blue", "magenta", "red")
INFO [2018-11-20 22:45:23] 
INFO [2018-11-20 22:45:23] $rotation.degree
INFO [2018-11-20 22:45:23] [1] 0
INFO [2018-11-20 22:45:23] 
INFO [2018-11-20 22:45:23] $main
INFO [2018-11-20 22:45:23] [1] "Up-regulated genes within timescale"
INFO [2018-11-20 22:45:23] 
