INFO [2018-11-21 09:42:02] [[1]]
INFO [2018-11-21 09:42:02] list(w4_up = A, w8_up = B, w16_up = C, w32_up = D, w48_up = E)
INFO [2018-11-21 09:42:02] 
INFO [2018-11-21 09:42:02] $filename
INFO [2018-11-21 09:42:02] NULL
INFO [2018-11-21 09:42:02] 
INFO [2018-11-21 09:42:02] $lwd
INFO [2018-11-21 09:42:02] [1] 1
INFO [2018-11-21 09:42:02] 
INFO [2018-11-21 09:42:02] $lty
INFO [2018-11-21 09:42:02] [1] 1
INFO [2018-11-21 09:42:02] 
INFO [2018-11-21 09:42:02] $col
INFO [2018-11-21 09:42:02] c("LightGray", "Cyan", "Blue", "magenta", "red")
INFO [2018-11-21 09:42:02] 
INFO [2018-11-21 09:42:02] $fill
INFO [2018-11-21 09:42:02] c("LightGray", "Cyan", "Blue", "magenta", "red")
INFO [2018-11-21 09:42:02] 
INFO [2018-11-21 09:42:02] $rotation.degree
INFO [2018-11-21 09:42:02] [1] 0
INFO [2018-11-21 09:42:02] 
INFO [2018-11-21 09:42:02] $main
INFO [2018-11-21 09:42:02] [1] "Up-regulated genes within timescale"
INFO [2018-11-21 09:42:02] 
