INFO [2018-11-19 23:20:17] [[1]]
INFO [2018-11-19 23:20:17] list(w4_up = A, w8_up = B, w16_up = C, w32_up = D, w48_up = E)
INFO [2018-11-19 23:20:17] 
INFO [2018-11-19 23:20:17] $filename
INFO [2018-11-19 23:20:17] NULL
INFO [2018-11-19 23:20:17] 
INFO [2018-11-19 23:20:17] $lwd
INFO [2018-11-19 23:20:17] [1] 1
INFO [2018-11-19 23:20:17] 
INFO [2018-11-19 23:20:17] $lty
INFO [2018-11-19 23:20:17] [1] 1
INFO [2018-11-19 23:20:17] 
INFO [2018-11-19 23:20:17] $col
INFO [2018-11-19 23:20:17] c("LightGray", "Cyan", "Blue", "magenta", "red")
INFO [2018-11-19 23:20:17] 
INFO [2018-11-19 23:20:17] $fill
INFO [2018-11-19 23:20:17] c("LightGray", "Cyan", "Blue", "magenta", "red")
INFO [2018-11-19 23:20:17] 
INFO [2018-11-19 23:20:17] $rotation.degree
INFO [2018-11-19 23:20:17] [1] 0
INFO [2018-11-19 23:20:17] 
INFO [2018-11-19 23:20:17] $main
INFO [2018-11-19 23:20:17] [1] "Up-regulated genes within timescale"
INFO [2018-11-19 23:20:17] 
ERROR [2018-11-19 23:20:18] NAs in dataset
