INFO [2018-11-19 23:20:45] [[1]]
INFO [2018-11-19 23:20:45] list(w4_up = A, w8_up = B, w16_up = C, w32_up = D, w48_up = E)
INFO [2018-11-19 23:20:45] 
INFO [2018-11-19 23:20:45] $filename
INFO [2018-11-19 23:20:45] NULL
INFO [2018-11-19 23:20:45] 
INFO [2018-11-19 23:20:45] $lwd
INFO [2018-11-19 23:20:45] [1] 1
INFO [2018-11-19 23:20:45] 
INFO [2018-11-19 23:20:45] $lty
INFO [2018-11-19 23:20:45] [1] 1
INFO [2018-11-19 23:20:45] 
INFO [2018-11-19 23:20:45] $col
INFO [2018-11-19 23:20:45] c("LightGray", "Cyan", "Blue", "magenta", "red")
INFO [2018-11-19 23:20:45] 
INFO [2018-11-19 23:20:45] $fill
INFO [2018-11-19 23:20:45] c("LightGray", "Cyan", "Blue", "magenta", "red")
INFO [2018-11-19 23:20:45] 
INFO [2018-11-19 23:20:45] $rotation.degree
INFO [2018-11-19 23:20:45] [1] 0
INFO [2018-11-19 23:20:45] 
INFO [2018-11-19 23:20:45] $main
INFO [2018-11-19 23:20:45] [1] "Up-regulated genes within timescale"
INFO [2018-11-19 23:20:45] 
