INFO [2018-11-21 09:42:11] [[1]]
INFO [2018-11-21 09:42:11] list(w4_up = A, w8_up = B, w16_up = C, w32_up = D, w48_up = E)
INFO [2018-11-21 09:42:11] 
INFO [2018-11-21 09:42:11] $filename
INFO [2018-11-21 09:42:11] NULL
INFO [2018-11-21 09:42:11] 
INFO [2018-11-21 09:42:11] $lwd
INFO [2018-11-21 09:42:11] [1] 1
INFO [2018-11-21 09:42:11] 
INFO [2018-11-21 09:42:11] $lty
INFO [2018-11-21 09:42:11] [1] 1
INFO [2018-11-21 09:42:11] 
INFO [2018-11-21 09:42:11] $col
INFO [2018-11-21 09:42:11] c("LightGray", "Cyan", "Blue", "magenta", "red")
INFO [2018-11-21 09:42:11] 
INFO [2018-11-21 09:42:11] $fill
INFO [2018-11-21 09:42:11] c("LightGray", "Cyan", "Blue", "magenta", "red")
INFO [2018-11-21 09:42:11] 
INFO [2018-11-21 09:42:11] $rotation.degree
INFO [2018-11-21 09:42:11] [1] 0
INFO [2018-11-21 09:42:11] 
INFO [2018-11-21 09:42:11] $main
INFO [2018-11-21 09:42:11] [1] "Up-regulated genes within timescale"
INFO [2018-11-21 09:42:11] 
